

> @ai16z/client-farcaster@0.1.5-alpha.5 build /Users/praveenkumar/eliza/packages/client-farcaster
> tsup --format esm --dts

[34mCLI[39m Building entry: src/index.ts
[34mCLI[39m Using tsconfig: tsconfig.json
[34mCLI[39m tsup v8.3.5
[34mCLI[39m Using tsup config: /Users/praveenkumar/eliza/packages/client-farcaster/tsup.config.ts
[34mCLI[39m Target: esnext
[34mCLI[39m Cleaning output folder
[34mESM[39m Build start
DTS Build start
[32mESM[39m [1mdist/index.js                  [22m[32m23.50 KB[39m
[32mESM[39m [1mdist/chunk-GAOJWDUZ.js         [22m[32m4.02 KB[39m
[32mESM[39m [1mdist/chunk-HFBE5CDC.js         [22m[32m125.44 KB[39m
[32mESM[39m [1mdist/chunk-PR4QN5HX.js         [22m[32m1.87 KB[39m
[32mESM[39m [1mdist/_esm-GOPLUTRN.js          [22m[32m130.60 KB[39m
[32mESM[39m [1mdist/ccip-AL5CA472.js          [22m[32m320.00 B[39m
[32mESM[39m [1mdist/secp256k1-ZXONNOZP.js     [22m[32m74.66 KB[39m
[32mESM[39m [1mdist/index.js.map              [22m[32m48.54 KB[39m
[32mESM[39m [1mdist/chunk-GAOJWDUZ.js.map     [22m[32m14.58 KB[39m
[32mESM[39m [1mdist/ccip-AL5CA472.js.map      [22m[32m71.00 B[39m
[32mESM[39m [1mdist/chunk-PR4QN5HX.js.map     [22m[32m71.00 B[39m
[32mESM[39m [1mdist/_esm-GOPLUTRN.js.map      [22m[32m211.09 KB[39m
[32mESM[39m [1mdist/secp256k1-ZXONNOZP.js.map [22m[32m181.50 KB[39m
[32mESM[39m [1mdist/chunk-HFBE5CDC.js.map     [22m[32m370.65 KB[39m
[32mESM[39m ⚡️ Build success in 523ms
DTS ⚡️ Build success in 5359ms
DTS dist/index.d.ts 2.62 KB
